{"uuid":"443e27ac-297a-48d7-a382-4b40bf2f895c","historyId":"66cf7ccd094465ccd07c71dae2e670ef","fullName":"test.Tests01_RegistrationAndLogin_Mobile.test01","labels":[{"name":"package","value":"test.Tests01_RegistrationAndLogin_Mobile"},{"name":"testClass","value":"test.Tests01_RegistrationAndLogin_Mobile"},{"name":"testMethod","value":"test01"},{"name":"parentSuite","value":"Default Suite"},{"name":"suite","value":"BuyMe_Mobile"},{"name":"subSuite","value":"test.Tests01_RegistrationAndLogin_Mobile"},{"name":"host","value":"Avishay_Avraham"},{"name":"thread","value":"6440@Avishay_Avraham.main(1)"},{"name":"framework","value":"testng"},{"name":"language","value":"java"}],"links":[],"name":"test01","status":"broken","statusDetails":{"known":false,"muted":false,"flaky":false,"message":"An element could not be located on the page using the given search parameters.\nFor documentation on this error, please visit: https://www.selenium.dev/documentation/webdriver/troubleshooting/errors#no-such-element-exception\nBuild info: version: '4.19.1', revision: 'abe0ee07dc'\nSystem info: os.name: 'Windows 11', os.arch: 'amd64', os.version: '10.0', java.version: '17.0.14'\nDriver info: io.appium.java_client.android.AndroidDriver\nCommand: [699284d7-10b3-4e0d-9bd9-5795b62bcfa6, findElement {using=id, value=search-mobile}]\nCapabilities {appium:appActivity: il.co.mintapp.buyme/.activi..., appium:appPackage: il.co.mintapp.buyme, appium:autoGrantPermissions: true, appium:automationName: UIAutomator2, appium:databaseEnabled: false, appium:desired: {appActivity: , appPackage: il.co.mintapp.buyme, autoGrantPermissions: true, automationName: UIAutomator2, deviceName: androidDevice, newCommandTimeout: 720, platformName: ANDROID, resetKeyboard: true, udid: RF8R42F61LA, unicodeKeyBoard: true}, appium:deviceApiLevel: 33, appium:deviceManufacturer: samsung, appium:deviceModel: SM-G780G, appium:deviceName: RF8R42F61LA, appium:deviceScreenDensity: 480, appium:deviceScreenSize: 1080x2400, appium:deviceUDID: RF8R42F61LA, appium:javascriptEnabled: true, appium:locationContextEnabled: false, appium:networkConnectionEnabled: true, appium:newCommandTimeout: 720, appium:pixelRatio: 3, appium:platformVersion: 13, appium:resetKeyboard: true, appium:statBarHeight: 88, appium:takesScreenshot: true, appium:udid: RF8R42F61LA, appium:unicodeKeyBoard: true, appium:viewportRect: {height: 2312, left: 0, top: 88, width: 1080}, appium:warnings: {}, appium:webStorageEnabled: false, platformName: ANDROID}\nSession ID: 699284d7-10b3-4e0d-9bd9-5795b62bcfa6","trace":"org.openqa.selenium.NoSuchElementException: An element could not be located on the page using the given search parameters.\nFor documentation on this error, please visit: https://www.selenium.dev/documentation/webdriver/troubleshooting/errors#no-such-element-exception\nBuild info: version: '4.19.1', revision: 'abe0ee07dc'\nSystem info: os.name: 'Windows 11', os.arch: 'amd64', os.version: '10.0', java.version: '17.0.14'\nDriver info: io.appium.java_client.android.AndroidDriver\nCommand: [699284d7-10b3-4e0d-9bd9-5795b62bcfa6, findElement {using=id, value=search-mobile}]\nCapabilities {appium:appActivity: il.co.mintapp.buyme/.activi..., appium:appPackage: il.co.mintapp.buyme, appium:autoGrantPermissions: true, appium:automationName: UIAutomator2, appium:databaseEnabled: false, appium:desired: {appActivity: , appPackage: il.co.mintapp.buyme, autoGrantPermissions: true, automationName: UIAutomator2, deviceName: androidDevice, newCommandTimeout: 720, platformName: ANDROID, resetKeyboard: true, udid: RF8R42F61LA, unicodeKeyBoard: true}, appium:deviceApiLevel: 33, appium:deviceManufacturer: samsung, appium:deviceModel: SM-G780G, appium:deviceName: RF8R42F61LA, appium:deviceScreenDensity: 480, appium:deviceScreenSize: 1080x2400, appium:deviceUDID: RF8R42F61LA, appium:javascriptEnabled: true, appium:locationContextEnabled: false, appium:networkConnectionEnabled: true, appium:newCommandTimeout: 720, appium:pixelRatio: 3, appium:platformVersion: 13, appium:resetKeyboard: true, appium:statBarHeight: 88, appium:takesScreenshot: true, appium:udid: RF8R42F61LA, appium:unicodeKeyBoard: true, appium:viewportRect: {height: 2312, left: 0, top: 88, width: 1080}, appium:warnings: {}, appium:webStorageEnabled: false, platformName: ANDROID}\nSession ID: 699284d7-10b3-4e0d-9bd9-5795b62bcfa6\r\n\tat java.base/jdk.internal.reflect.NativeConstructorAccessorImpl.newInstance0(Native Method)\r\n\tat java.base/jdk.internal.reflect.NativeConstructorAccessorImpl.newInstance(NativeConstructorAccessorImpl.java:77)\r\n\tat java.base/jdk.internal.reflect.DelegatingConstructorAccessorImpl.newInstance(DelegatingConstructorAccessorImpl.java:45)\r\n\tat java.base/java.lang.reflect.Constructor.newInstanceWithCaller(Constructor.java:499)\r\n\tat java.base/java.lang.reflect.Constructor.newInstance(Constructor.java:480)\r\n\tat org.openqa.selenium.remote.ErrorCodec.decode(ErrorCodec.java:167)\r\n\tat org.openqa.selenium.remote.codec.w3c.W3CHttpResponseCodec.decode(W3CHttpResponseCodec.java:138)\r\n\tat org.openqa.selenium.remote.codec.w3c.W3CHttpResponseCodec.decode(W3CHttpResponseCodec.java:50)\r\n\tat org.openqa.selenium.remote.HttpCommandExecutor.execute(HttpCommandExecutor.java:190)\r\n\tat io.appium.java_client.remote.AppiumCommandExecutor.execute(AppiumCommandExecutor.java:237)\r\n\tat org.openqa.selenium.remote.RemoteWebDriver.execute(RemoteWebDriver.java:518)\r\n\tat org.openqa.selenium.remote.ElementLocation$ElementFinder$2.findElement(ElementLocation.java:165)\r\n\tat org.openqa.selenium.remote.ElementLocation.findElement(ElementLocation.java:59)\r\n\tat org.openqa.selenium.remote.RemoteWebDriver.findElement(RemoteWebDriver.java:355)\r\n\tat org.openqa.selenium.remote.RemoteWebDriver.findElement(RemoteWebDriver.java:349)\r\n\tat page_Objects.BasePage.sendKeys(BasePage.java:43)\r\n\tat page_Objects.MailiNator_Page_NewTab.sendKeysSearchEmail(MailiNator_Page_NewTab.java:35)\r\n\tat test.Tests01_RegistrationAndLogin_Mobile.test01(Tests01_RegistrationAndLogin_Mobile.java:23)\r\n\tat java.base/jdk.internal.reflect.NativeMethodAccessorImpl.invoke0(Native Method)\r\n\tat java.base/jdk.internal.reflect.NativeMethodAccessorImpl.invoke(NativeMethodAccessorImpl.java:77)\r\n\tat java.base/jdk.internal.reflect.DelegatingMethodAccessorImpl.invoke(DelegatingMethodAccessorImpl.java:43)\r\n\tat java.base/java.lang.reflect.Method.invoke(Method.java:568)\r\n\tat org.testng.internal.invokers.MethodInvocationHelper.invokeMethod(MethodInvocationHelper.java:139)\r\n\tat org.testng.internal.invokers.TestInvoker.invokeMethod(TestInvoker.java:664)\r\n\tat org.testng.internal.invokers.TestInvoker.invokeTestMethod(TestInvoker.java:228)\r\n\tat org.testng.internal.invokers.MethodRunner.runInSequence(MethodRunner.java:63)\r\n\tat org.testng.internal.invokers.TestInvoker$MethodInvocationAgent.invoke(TestInvoker.java:961)\r\n\tat org.testng.internal.invokers.TestInvoker.invokeTestMethods(TestInvoker.java:201)\r\n\tat org.testng.internal.invokers.TestMethodWorker.invokeTestMethods(TestMethodWorker.java:148)\r\n\tat org.testng.internal.invokers.TestMethodWorker.run(TestMethodWorker.java:128)\r\n\tat java.base/java.util.ArrayList.forEach(ArrayList.java:1511)\r\n\tat org.testng.TestRunner.privateRun(TestRunner.java:819)\r\n\tat org.testng.TestRunner.run(TestRunner.java:619)\r\n\tat org.testng.SuiteRunner.runTest(SuiteRunner.java:443)\r\n\tat org.testng.SuiteRunner.runSequentially(SuiteRunner.java:437)\r\n\tat org.testng.SuiteRunner.privateRun(SuiteRunner.java:397)\r\n\tat org.testng.SuiteRunner.run(SuiteRunner.java:336)\r\n\tat org.testng.SuiteRunnerWorker.runSuite(SuiteRunnerWorker.java:52)\r\n\tat org.testng.SuiteRunnerWorker.run(SuiteRunnerWorker.java:95)\r\n\tat org.testng.TestNG.runSuitesSequentially(TestNG.java:1301)\r\n\tat org.testng.TestNG.runSuitesLocally(TestNG.java:1228)\r\n\tat org.testng.TestNG.runSuites(TestNG.java:1134)\r\n\tat org.testng.TestNG.run(TestNG.java:1101)\r\n\tat com.intellij.rt.testng.IDEARemoteTestNG.run(IDEARemoteTestNG.java:65)\r\n\tat com.intellij.rt.testng.RemoteTestNGStarter.main(RemoteTestNGStarter.java:105)\r\n"},"stage":"finished","steps":[{"name":"Close popup","status":"passed","stage":"finished","steps":[],"attachments":[],"parameters":[],"start":1749146845757,"stop":1749146849372},{"name":"Click - \"Login\" - button","status":"passed","stage":"finished","steps":[],"attachments":[],"parameters":[],"start":1749146849373,"stop":1749146851026},{"name":"Select - register by email","status":"passed","stage":"finished","steps":[],"attachments":[],"parameters":[],"start":1749146851026,"stop":1749146852743},{"name":"Send keys 'UlYFeY' on {searchEmail_Field}","status":"broken","statusDetails":{"known":false,"muted":false,"flaky":false,"message":"An element could not be located on the page using the given search parameters.\nFor documentation on this error, please visit: https://www.selenium.dev/documentation/webdriver/troubleshooting/errors#no-such-element-exception\nBuild info: version: '4.19.1', revision: 'abe0ee07dc'\nSystem info: os.name: 'Windows 11', os.arch: 'amd64', os.version: '10.0', java.version: '17.0.14'\nDriver info: io.appium.java_client.android.AndroidDriver\nCommand: [699284d7-10b3-4e0d-9bd9-5795b62bcfa6, findElement {using=id, value=search-mobile}]\nCapabilities {appium:appActivity: il.co.mintapp.buyme/.activi..., appium:appPackage: il.co.mintapp.buyme, appium:autoGrantPermissions: true, appium:automationName: UIAutomator2, appium:databaseEnabled: false, appium:desired: {appActivity: , appPackage: il.co.mintapp.buyme, autoGrantPermissions: true, automationName: UIAutomator2, deviceName: androidDevice, newCommandTimeout: 720, platformName: ANDROID, resetKeyboard: true, udid: RF8R42F61LA, unicodeKeyBoard: true}, appium:deviceApiLevel: 33, appium:deviceManufacturer: samsung, appium:deviceModel: SM-G780G, appium:deviceName: RF8R42F61LA, appium:deviceScreenDensity: 480, appium:deviceScreenSize: 1080x2400, appium:deviceUDID: RF8R42F61LA, appium:javascriptEnabled: true, appium:locationContextEnabled: false, appium:networkConnectionEnabled: true, appium:newCommandTimeout: 720, appium:pixelRatio: 3, appium:platformVersion: 13, appium:resetKeyboard: true, appium:statBarHeight: 88, appium:takesScreenshot: true, appium:udid: RF8R42F61LA, appium:unicodeKeyBoard: true, appium:viewportRect: {height: 2312, left: 0, top: 88, width: 1080}, appium:warnings: {}, appium:webStorageEnabled: false, platformName: ANDROID}\nSession ID: 699284d7-10b3-4e0d-9bd9-5795b62bcfa6","trace":"org.openqa.selenium.NoSuchElementException: An element could not be located on the page using the given search parameters.\nFor documentation on this error, please visit: https://www.selenium.dev/documentation/webdriver/troubleshooting/errors#no-such-element-exception\nBuild info: version: '4.19.1', revision: 'abe0ee07dc'\nSystem info: os.name: 'Windows 11', os.arch: 'amd64', os.version: '10.0', java.version: '17.0.14'\nDriver info: io.appium.java_client.android.AndroidDriver\nCommand: [699284d7-10b3-4e0d-9bd9-5795b62bcfa6, findElement {using=id, value=search-mobile}]\nCapabilities {appium:appActivity: il.co.mintapp.buyme/.activi..., appium:appPackage: il.co.mintapp.buyme, appium:autoGrantPermissions: true, appium:automationName: UIAutomator2, appium:databaseEnabled: false, appium:desired: {appActivity: , appPackage: il.co.mintapp.buyme, autoGrantPermissions: true, automationName: UIAutomator2, deviceName: androidDevice, newCommandTimeout: 720, platformName: ANDROID, resetKeyboard: true, udid: RF8R42F61LA, unicodeKeyBoard: true}, appium:deviceApiLevel: 33, appium:deviceManufacturer: samsung, appium:deviceModel: SM-G780G, appium:deviceName: RF8R42F61LA, appium:deviceScreenDensity: 480, appium:deviceScreenSize: 1080x2400, appium:deviceUDID: RF8R42F61LA, appium:javascriptEnabled: true, appium:locationContextEnabled: false, appium:networkConnectionEnabled: true, appium:newCommandTimeout: 720, appium:pixelRatio: 3, appium:platformVersion: 13, appium:resetKeyboard: true, appium:statBarHeight: 88, appium:takesScreenshot: true, appium:udid: RF8R42F61LA, appium:unicodeKeyBoard: true, appium:viewportRect: {height: 2312, left: 0, top: 88, width: 1080}, appium:warnings: {}, appium:webStorageEnabled: false, platformName: ANDROID}\nSession ID: 699284d7-10b3-4e0d-9bd9-5795b62bcfa6\r\n\tat java.base/jdk.internal.reflect.NativeConstructorAccessorImpl.newInstance0(Native Method)\r\n\tat java.base/jdk.internal.reflect.NativeConstructorAccessorImpl.newInstance(NativeConstructorAccessorImpl.java:77)\r\n\tat java.base/jdk.internal.reflect.DelegatingConstructorAccessorImpl.newInstance(DelegatingConstructorAccessorImpl.java:45)\r\n\tat java.base/java.lang.reflect.Constructor.newInstanceWithCaller(Constructor.java:499)\r\n\tat java.base/java.lang.reflect.Constructor.newInstance(Constructor.java:480)\r\n\tat org.openqa.selenium.remote.ErrorCodec.decode(ErrorCodec.java:167)\r\n\tat org.openqa.selenium.remote.codec.w3c.W3CHttpResponseCodec.decode(W3CHttpResponseCodec.java:138)\r\n\tat org.openqa.selenium.remote.codec.w3c.W3CHttpResponseCodec.decode(W3CHttpResponseCodec.java:50)\r\n\tat org.openqa.selenium.remote.HttpCommandExecutor.execute(HttpCommandExecutor.java:190)\r\n\tat io.appium.java_client.remote.AppiumCommandExecutor.execute(AppiumCommandExecutor.java:237)\r\n\tat org.openqa.selenium.remote.RemoteWebDriver.execute(RemoteWebDriver.java:518)\r\n\tat org.openqa.selenium.remote.ElementLocation$ElementFinder$2.findElement(ElementLocation.java:165)\r\n\tat org.openqa.selenium.remote.ElementLocation.findElement(ElementLocation.java:59)\r\n\tat org.openqa.selenium.remote.RemoteWebDriver.findElement(RemoteWebDriver.java:355)\r\n\tat org.openqa.selenium.remote.RemoteWebDriver.findElement(RemoteWebDriver.java:349)\r\n\tat page_Objects.BasePage.sendKeys(BasePage.java:43)\r\n\tat page_Objects.MailiNator_Page_NewTab.sendKeysSearchEmail(MailiNator_Page_NewTab.java:35)\r\n\tat test.Tests01_RegistrationAndLogin_Mobile.test01(Tests01_RegistrationAndLogin_Mobile.java:23)\r\n\tat java.base/jdk.internal.reflect.NativeMethodAccessorImpl.invoke0(Native Method)\r\n\tat java.base/jdk.internal.reflect.NativeMethodAccessorImpl.invoke(NativeMethodAccessorImpl.java:77)\r\n\tat java.base/jdk.internal.reflect.DelegatingMethodAccessorImpl.invoke(DelegatingMethodAccessorImpl.java:43)\r\n\tat java.base/java.lang.reflect.Method.invoke(Method.java:568)\r\n\tat org.testng.internal.invokers.MethodInvocationHelper.invokeMethod(MethodInvocationHelper.java:139)\r\n\tat org.testng.internal.invokers.TestInvoker.invokeMethod(TestInvoker.java:664)\r\n\tat org.testng.internal.invokers.TestInvoker.invokeTestMethod(TestInvoker.java:228)\r\n\tat org.testng.internal.invokers.MethodRunner.runInSequence(MethodRunner.java:63)\r\n\tat org.testng.internal.invokers.TestInvoker$MethodInvocationAgent.invoke(TestInvoker.java:961)\r\n\tat org.testng.internal.invokers.TestInvoker.invokeTestMethods(TestInvoker.java:201)\r\n\tat org.testng.internal.invokers.TestMethodWorker.invokeTestMethods(TestMethodWorker.java:148)\r\n\tat org.testng.internal.invokers.TestMethodWorker.run(TestMethodWorker.java:128)\r\n\tat java.base/java.util.ArrayList.forEach(ArrayList.java:1511)\r\n\tat org.testng.TestRunner.privateRun(TestRunner.java:819)\r\n\tat org.testng.TestRunner.run(TestRunner.java:619)\r\n\tat org.testng.SuiteRunner.runTest(SuiteRunner.java:443)\r\n\tat org.testng.SuiteRunner.runSequentially(SuiteRunner.java:437)\r\n\tat org.testng.SuiteRunner.privateRun(SuiteRunner.java:397)\r\n\tat org.testng.SuiteRunner.run(SuiteRunner.java:336)\r\n\tat org.testng.SuiteRunnerWorker.runSuite(SuiteRunnerWorker.java:52)\r\n\tat org.testng.SuiteRunnerWorker.run(SuiteRunnerWorker.java:95)\r\n\tat org.testng.TestNG.runSuitesSequentially(TestNG.java:1301)\r\n\tat org.testng.TestNG.runSuitesLocally(TestNG.java:1228)\r\n\tat org.testng.TestNG.runSuites(TestNG.java:1134)\r\n\tat org.testng.TestNG.run(TestNG.java:1101)\r\n\tat com.intellij.rt.testng.IDEARemoteTestNG.run(IDEARemoteTestNG.java:65)\r\n\tat com.intellij.rt.testng.RemoteTestNGStarter.main(RemoteTestNGStarter.java:105)\r\n"},"stage":"finished","steps":[],"attachments":[],"parameters":[{"name":"emailAddress","value":"UlYFeY"}],"start":1749146858838,"stop":1749146888963}],"attachments":[],"parameters":[],"start":1749146845738,"stop":1749146888968}